Resource Usage Report
Part: lfxp2_5e-6

Register bits: 358 of 4752 (8%)
PIC Latch:       0
I/O cells:       12

Details:
CCU2B:          38
FD1P3AX:        48
FD1P3BX:        33
FD1P3DX:        192
FD1P3JX:        10
FD1S3AX:        14
FD1S3AY:        12
FD1S3BX:        1
FD1S3DX:        38
GSR:            1
IB:             3
IFS1P3DX:       1
INV:            13
L6MUX21:        1
OB:             9
OFS1P3DX:       8
OFS1P3JX:       1
ORCALUT4:       482
PFUMX:          4
PUR:            1
VHI:            11
VLO:            11
